[2025-06-13T20:51:11.379+0000] {manager.py:470} INFO - Processing files using up to 2 processes at a time 
[2025-06-13T20:51:11.381+0000] {manager.py:471} INFO - Process each file at most once every 30 seconds
[2025-06-13T20:51:11.382+0000] {manager.py:472} INFO - Checking for new files in /opt/airflow/dags every 300 seconds
[2025-06-13T20:51:11.383+0000] {manager.py:737} INFO - Searching for files in /opt/airflow/dags
[2025-06-13T20:51:11.443+0000] {manager.py:740} INFO - There are 1 files in /opt/airflow/dags
[2025-06-13T20:51:11.517+0000] {manager.py:878} INFO - 
================================================================================
DAG File Processing Stats

File Path                               PID  Runtime      # DAGs    # Errors  Last Runtime    Last Run
------------------------------------  -----  ---------  --------  ----------  --------------  ----------
/opt/airflow/dags/youtube_etl_dag.py    168  0.03s             0           0
================================================================================
[2025-06-13T20:51:31.444+0000] {manager.py:452} INFO - Exiting gracefully upon receiving signal 15
[2025-06-13T20:51:46.071+0000] {manager.py:470} INFO - Processing files using up to 2 processes at a time 
[2025-06-13T20:51:46.073+0000] {manager.py:471} INFO - Process each file at most once every 30 seconds
[2025-06-13T20:51:46.075+0000] {manager.py:472} INFO - Checking for new files in /opt/airflow/dags every 300 seconds
[2025-06-13T20:51:46.076+0000] {manager.py:737} INFO - Searching for files in /opt/airflow/dags
[2025-06-13T20:51:46.106+0000] {manager.py:740} INFO - There are 1 files in /opt/airflow/dags
[2025-06-13T20:51:46.276+0000] {manager.py:878} INFO - 
================================================================================
DAG File Processing Stats

File Path                               PID  Runtime      # DAGs    # Errors  Last Runtime    Last Run
------------------------------------  -----  ---------  --------  ----------  --------------  ----------
/opt/airflow/dags/youtube_etl_dag.py    168  0.06s             0           0
================================================================================
[2025-06-13T20:52:16.470+0000] {manager.py:878} INFO - 
================================================================================
DAG File Processing Stats

File Path                               PID  Runtime      # DAGs    # Errors  Last Runtime    Last Run
------------------------------------  -----  ---------  --------  ----------  --------------  -------------------
/opt/airflow/dags/youtube_etl_dag.py    173  0.00s             0           1  0.11s           2025-06-13T20:51:46
================================================================================
[2025-06-13T20:52:46.647+0000] {manager.py:878} INFO - 
================================================================================
DAG File Processing Stats

File Path                               PID  Runtime      # DAGs    # Errors  Last Runtime    Last Run
------------------------------------  -----  ---------  --------  ----------  --------------  -------------------
/opt/airflow/dags/youtube_etl_dag.py    178  0.00s             0           1  0.06s           2025-06-13T20:52:16
================================================================================
[2025-06-13T20:53:16.818+0000] {manager.py:878} INFO - 
================================================================================
DAG File Processing Stats

File Path                               PID  Runtime      # DAGs    # Errors  Last Runtime    Last Run
------------------------------------  -----  ---------  --------  ----------  --------------  -------------------
/opt/airflow/dags/youtube_etl_dag.py    183  0.00s             0           1  0.06s           2025-06-13T20:52:46
================================================================================
[2025-06-13T20:53:47.044+0000] {manager.py:878} INFO - 
================================================================================
DAG File Processing Stats

File Path                               PID  Runtime      # DAGs    # Errors  Last Runtime    Last Run
------------------------------------  -----  ---------  --------  ----------  --------------  -------------------
/opt/airflow/dags/youtube_etl_dag.py    188  0.00s             0           1  0.06s           2025-06-13T20:53:16
================================================================================
[2025-06-13T20:54:17.220+0000] {manager.py:878} INFO - 
================================================================================
DAG File Processing Stats

File Path                               PID  Runtime      # DAGs    # Errors  Last Runtime    Last Run
------------------------------------  -----  ---------  --------  ----------  --------------  -------------------
/opt/airflow/dags/youtube_etl_dag.py    193  0.00s             0           1  0.05s           2025-06-13T20:53:47
================================================================================
[2025-06-13T20:54:47.445+0000] {manager.py:878} INFO - 
================================================================================
DAG File Processing Stats

File Path                               PID  Runtime      # DAGs    # Errors  Last Runtime    Last Run
------------------------------------  -----  ---------  --------  ----------  --------------  -------------------
/opt/airflow/dags/youtube_etl_dag.py    198  0.00s             0           1  0.06s           2025-06-13T20:54:17
================================================================================
[2025-06-13T20:55:17.628+0000] {manager.py:878} INFO - 
================================================================================
DAG File Processing Stats

File Path                               PID  Runtime      # DAGs    # Errors  Last Runtime    Last Run
------------------------------------  -----  ---------  --------  ----------  --------------  -------------------
/opt/airflow/dags/youtube_etl_dag.py    203  0.00s             0           1  0.07s           2025-06-13T20:54:47
================================================================================
[2025-06-13T20:55:47.846+0000] {manager.py:878} INFO - 
================================================================================
DAG File Processing Stats

File Path                               PID  Runtime      # DAGs    # Errors  Last Runtime    Last Run
------------------------------------  -----  ---------  --------  ----------  --------------  -------------------
/opt/airflow/dags/youtube_etl_dag.py    208  0.00s             0           1  0.06s           2025-06-13T20:55:17
================================================================================
[2025-06-13T20:56:18.062+0000] {manager.py:878} INFO - 
================================================================================
DAG File Processing Stats

File Path                               PID  Runtime      # DAGs    # Errors  Last Runtime    Last Run
------------------------------------  -----  ---------  --------  ----------  --------------  -------------------
/opt/airflow/dags/youtube_etl_dag.py    213  0.00s             0           1  0.05s           2025-06-13T20:55:47
================================================================================
[2025-06-13T20:56:46.222+0000] {manager.py:737} INFO - Searching for files in /opt/airflow/dags
[2025-06-13T20:56:46.239+0000] {manager.py:740} INFO - There are 1 files in /opt/airflow/dags
[2025-06-13T20:56:48.273+0000] {manager.py:878} INFO - 
================================================================================
DAG File Processing Stats

File Path                               PID  Runtime      # DAGs    # Errors  Last Runtime    Last Run
------------------------------------  -----  ---------  --------  ----------  --------------  -------------------
/opt/airflow/dags/youtube_etl_dag.py    218  0.00s             0           1  0.05s           2025-06-13T20:56:18
================================================================================
[2025-06-13T20:57:18.467+0000] {manager.py:878} INFO - 
================================================================================
DAG File Processing Stats

File Path                               PID  Runtime      # DAGs    # Errors  Last Runtime    Last Run
------------------------------------  -----  ---------  --------  ----------  --------------  -------------------
/opt/airflow/dags/youtube_etl_dag.py    223  0.00s             0           1  0.06s           2025-06-13T20:56:48
================================================================================
[2025-06-13T20:57:48.631+0000] {manager.py:878} INFO - 
================================================================================
DAG File Processing Stats

File Path                               PID  Runtime      # DAGs    # Errors  Last Runtime    Last Run
------------------------------------  -----  ---------  --------  ----------  --------------  -------------------
/opt/airflow/dags/youtube_etl_dag.py    228  0.00s             0           1  0.06s           2025-06-13T20:57:18
================================================================================
[2025-06-13T20:58:18.821+0000] {manager.py:878} INFO - 
================================================================================
DAG File Processing Stats

File Path                               PID  Runtime      # DAGs    # Errors  Last Runtime    Last Run
------------------------------------  -----  ---------  --------  ----------  --------------  -------------------
/opt/airflow/dags/youtube_etl_dag.py    233  0.00s             0           1  0.07s           2025-06-13T20:57:48
================================================================================
[2025-06-13T20:58:48.998+0000] {manager.py:878} INFO - 
================================================================================
DAG File Processing Stats

File Path                               PID  Runtime      # DAGs    # Errors  Last Runtime    Last Run
------------------------------------  -----  ---------  --------  ----------  --------------  -------------------
/opt/airflow/dags/youtube_etl_dag.py    238  0.00s             0           1  0.08s           2025-06-13T20:58:18
================================================================================
[2025-06-13T20:59:19.196+0000] {manager.py:878} INFO - 
================================================================================
DAG File Processing Stats

File Path                               PID  Runtime      # DAGs    # Errors  Last Runtime    Last Run
------------------------------------  -----  ---------  --------  ----------  --------------  -------------------
/opt/airflow/dags/youtube_etl_dag.py    243  0.00s             0           1  0.06s           2025-06-13T20:58:49
================================================================================
[2025-06-13T20:59:49.356+0000] {manager.py:878} INFO - 
================================================================================
DAG File Processing Stats

File Path                               PID  Runtime      # DAGs    # Errors  Last Runtime    Last Run
------------------------------------  -----  ---------  --------  ----------  --------------  -------------------
/opt/airflow/dags/youtube_etl_dag.py    248  0.00s             0           1  0.07s           2025-06-13T20:59:19
================================================================================
[2025-06-13T21:00:19.585+0000] {manager.py:878} INFO - 
================================================================================
DAG File Processing Stats

File Path                               PID  Runtime      # DAGs    # Errors  Last Runtime    Last Run
------------------------------------  -----  ---------  --------  ----------  --------------  -------------------
/opt/airflow/dags/youtube_etl_dag.py    253  0.00s             0           1  0.06s           2025-06-13T20:59:49
================================================================================
[2025-06-13T21:00:49.933+0000] {manager.py:878} INFO - 
================================================================================
DAG File Processing Stats

File Path                             PID    Runtime      # DAGs    # Errors  Last Runtime    Last Run
------------------------------------  -----  ---------  --------  ----------  --------------  -------------------
/opt/airflow/dags/youtube_etl_dag.py                           0           1  0.07s           2025-06-13T21:00:34
================================================================================
[2025-06-13T21:00:51.335+0000] {manager.py:452} INFO - Exiting gracefully upon receiving signal 15
[2025-06-13T21:01:10.271+0000] {manager.py:470} INFO - Processing files using up to 2 processes at a time 
[2025-06-13T21:01:10.272+0000] {manager.py:471} INFO - Process each file at most once every 30 seconds
[2025-06-13T21:01:10.274+0000] {manager.py:472} INFO - Checking for new files in /opt/airflow/dags every 300 seconds
[2025-06-13T21:01:10.275+0000] {manager.py:737} INFO - Searching for files in /opt/airflow/dags
[2025-06-13T21:01:10.294+0000] {manager.py:740} INFO - There are 1 files in /opt/airflow/dags
[2025-06-13T21:01:10.420+0000] {manager.py:878} INFO - 
================================================================================
DAG File Processing Stats

File Path                               PID  Runtime      # DAGs    # Errors  Last Runtime    Last Run
------------------------------------  -----  ---------  --------  ----------  --------------  ----------
/opt/airflow/dags/youtube_etl_dag.py    168  0.04s             0           0
================================================================================
[2025-06-13T21:01:40.617+0000] {manager.py:878} INFO - 
================================================================================
DAG File Processing Stats

File Path                               PID  Runtime      # DAGs    # Errors  Last Runtime    Last Run
------------------------------------  -----  ---------  --------  ----------  --------------  -------------------
/opt/airflow/dags/youtube_etl_dag.py    173  0.01s             0           1  0.07s           2025-06-13T21:01:10
================================================================================
[2025-06-13T21:02:10.827+0000] {manager.py:878} INFO - 
================================================================================
DAG File Processing Stats

File Path                               PID  Runtime      # DAGs    # Errors  Last Runtime    Last Run
------------------------------------  -----  ---------  --------  ----------  --------------  -------------------
/opt/airflow/dags/youtube_etl_dag.py    178  0.00s             0           1  0.07s           2025-06-13T21:01:40
================================================================================
[2025-06-13T21:02:41.038+0000] {manager.py:878} INFO - 
================================================================================
DAG File Processing Stats

File Path                               PID  Runtime      # DAGs    # Errors  Last Runtime    Last Run
------------------------------------  -----  ---------  --------  ----------  --------------  -------------------
/opt/airflow/dags/youtube_etl_dag.py    183  0.00s             0           1  0.06s           2025-06-13T21:02:10
================================================================================
[2025-06-13T21:03:11.267+0000] {manager.py:878} INFO - 
================================================================================
DAG File Processing Stats

File Path                               PID  Runtime      # DAGs    # Errors  Last Runtime    Last Run
------------------------------------  -----  ---------  --------  ----------  --------------  -------------------
/opt/airflow/dags/youtube_etl_dag.py    188  0.00s             0           1  0.07s           2025-06-13T21:02:41
================================================================================
[2025-06-13T21:03:41.501+0000] {manager.py:878} INFO - 
================================================================================
DAG File Processing Stats

File Path                               PID  Runtime      # DAGs    # Errors  Last Runtime    Last Run
------------------------------------  -----  ---------  --------  ----------  --------------  -------------------
/opt/airflow/dags/youtube_etl_dag.py    193  0.01s             0           1  0.09s           2025-06-13T21:03:11
================================================================================
[2025-06-13T21:04:11.685+0000] {manager.py:878} INFO - 
================================================================================
DAG File Processing Stats

File Path                               PID  Runtime      # DAGs    # Errors  Last Runtime    Last Run
------------------------------------  -----  ---------  --------  ----------  --------------  -------------------
/opt/airflow/dags/youtube_etl_dag.py    198  0.00s             0           1  0.07s           2025-06-13T21:03:41
================================================================================
[2025-06-13T21:04:41.845+0000] {manager.py:878} INFO - 
================================================================================
DAG File Processing Stats

File Path                               PID  Runtime      # DAGs    # Errors  Last Runtime    Last Run
------------------------------------  -----  ---------  --------  ----------  --------------  -------------------
/opt/airflow/dags/youtube_etl_dag.py    203  0.00s             0           1  0.07s           2025-06-13T21:04:11
================================================================================
[2025-06-13T21:05:12.091+0000] {manager.py:878} INFO - 
================================================================================
DAG File Processing Stats

File Path                               PID  Runtime      # DAGs    # Errors  Last Runtime    Last Run
------------------------------------  -----  ---------  --------  ----------  --------------  -------------------
/opt/airflow/dags/youtube_etl_dag.py    208  0.00s             0           1  0.06s           2025-06-13T21:04:41
================================================================================
[2025-06-13T21:05:42.288+0000] {manager.py:878} INFO - 
================================================================================
DAG File Processing Stats

File Path                               PID  Runtime      # DAGs    # Errors  Last Runtime    Last Run
------------------------------------  -----  ---------  --------  ----------  --------------  -------------------
/opt/airflow/dags/youtube_etl_dag.py    213  0.00s             0           1  0.06s           2025-06-13T21:05:12
================================================================================
[2025-06-13T21:06:10.448+0000] {manager.py:737} INFO - Searching for files in /opt/airflow/dags
[2025-06-13T21:06:10.462+0000] {manager.py:740} INFO - There are 1 files in /opt/airflow/dags
[2025-06-13T21:06:12.489+0000] {manager.py:878} INFO - 
================================================================================
DAG File Processing Stats

File Path                               PID  Runtime      # DAGs    # Errors  Last Runtime    Last Run
------------------------------------  -----  ---------  --------  ----------  --------------  -------------------
/opt/airflow/dags/youtube_etl_dag.py    218  0.00s             0           1  0.07s           2025-06-13T21:05:42
================================================================================
[2025-06-13T21:06:42.711+0000] {manager.py:878} INFO - 
================================================================================
DAG File Processing Stats

File Path                               PID  Runtime      # DAGs    # Errors  Last Runtime    Last Run
------------------------------------  -----  ---------  --------  ----------  --------------  -------------------
/opt/airflow/dags/youtube_etl_dag.py    223  0.01s             0           1  0.06s           2025-06-13T21:06:12
================================================================================
[2025-06-13T21:07:12.899+0000] {manager.py:878} INFO - 
================================================================================
DAG File Processing Stats

File Path                               PID  Runtime      # DAGs    # Errors  Last Runtime    Last Run
------------------------------------  -----  ---------  --------  ----------  --------------  -------------------
/opt/airflow/dags/youtube_etl_dag.py    228  0.00s             0           1  0.07s           2025-06-13T21:06:42
================================================================================
[2025-06-13T21:07:32.990+0000] {manager.py:452} INFO - Exiting gracefully upon receiving signal 15
[2025-06-13T21:07:53.401+0000] {manager.py:470} INFO - Processing files using up to 2 processes at a time 
[2025-06-13T21:07:53.402+0000] {manager.py:471} INFO - Process each file at most once every 30 seconds
[2025-06-13T21:07:53.404+0000] {manager.py:472} INFO - Checking for new files in /opt/airflow/dags every 300 seconds
[2025-06-13T21:07:53.405+0000] {manager.py:737} INFO - Searching for files in /opt/airflow/dags
[2025-06-13T21:07:53.419+0000] {manager.py:740} INFO - There are 1 files in /opt/airflow/dags
[2025-06-13T21:07:53.503+0000] {manager.py:878} INFO - 
================================================================================
DAG File Processing Stats

File Path                               PID  Runtime      # DAGs    # Errors  Last Runtime    Last Run
------------------------------------  -----  ---------  --------  ----------  --------------  ----------
/opt/airflow/dags/youtube_etl_dag.py    168  0.03s             0           0
================================================================================
[2025-06-13T21:08:23.757+0000] {manager.py:878} INFO - 
================================================================================
DAG File Processing Stats

File Path                               PID  Runtime      # DAGs    # Errors  Last Runtime    Last Run
------------------------------------  -----  ---------  --------  ----------  --------------  -------------------
/opt/airflow/dags/youtube_etl_dag.py    173  0.00s             0           1  0.07s           2025-06-13T21:07:53
================================================================================
[2025-06-13T21:08:53.950+0000] {manager.py:878} INFO - 
================================================================================
DAG File Processing Stats

File Path                               PID  Runtime      # DAGs    # Errors  Last Runtime    Last Run
------------------------------------  -----  ---------  --------  ----------  --------------  -------------------
/opt/airflow/dags/youtube_etl_dag.py    178  0.00s             0           1  0.07s           2025-06-13T21:08:23
================================================================================
[2025-06-13T21:09:24.151+0000] {manager.py:878} INFO - 
================================================================================
DAG File Processing Stats

File Path                               PID  Runtime      # DAGs    # Errors  Last Runtime    Last Run
------------------------------------  -----  ---------  --------  ----------  --------------  -------------------
/opt/airflow/dags/youtube_etl_dag.py    183  0.00s             0           1  0.05s           2025-06-13T21:08:53
================================================================================
[2025-06-13T21:09:54.346+0000] {manager.py:878} INFO - 
================================================================================
DAG File Processing Stats

File Path                               PID  Runtime      # DAGs    # Errors  Last Runtime    Last Run
------------------------------------  -----  ---------  --------  ----------  --------------  -------------------
/opt/airflow/dags/youtube_etl_dag.py    188  0.00s             0           1  0.07s           2025-06-13T21:09:24
================================================================================
[2025-06-13T21:10:24.526+0000] {manager.py:878} INFO - 
================================================================================
DAG File Processing Stats

File Path                               PID  Runtime      # DAGs    # Errors  Last Runtime    Last Run
------------------------------------  -----  ---------  --------  ----------  --------------  -------------------
/opt/airflow/dags/youtube_etl_dag.py    193  0.00s             0           1  0.07s           2025-06-13T21:09:54
================================================================================
[2025-06-13T21:10:54.727+0000] {manager.py:878} INFO - 
================================================================================
DAG File Processing Stats

File Path                               PID  Runtime      # DAGs    # Errors  Last Runtime    Last Run
------------------------------------  -----  ---------  --------  ----------  --------------  -------------------
/opt/airflow/dags/youtube_etl_dag.py    198  0.00s             0           1  0.05s           2025-06-13T21:10:24
================================================================================
[2025-06-13T21:11:24.933+0000] {manager.py:878} INFO - 
================================================================================
DAG File Processing Stats

File Path                               PID  Runtime      # DAGs    # Errors  Last Runtime    Last Run
------------------------------------  -----  ---------  --------  ----------  --------------  -------------------
/opt/airflow/dags/youtube_etl_dag.py    203  0.00s             0           1  0.05s           2025-06-13T21:10:54
================================================================================
[2025-06-13T21:11:55.107+0000] {manager.py:878} INFO - 
================================================================================
DAG File Processing Stats

File Path                               PID  Runtime      # DAGs    # Errors  Last Runtime    Last Run
------------------------------------  -----  ---------  --------  ----------  --------------  -------------------
/opt/airflow/dags/youtube_etl_dag.py    208  0.00s             0           1  0.08s           2025-06-13T21:11:25
================================================================================
[2025-06-13T21:12:25.369+0000] {manager.py:878} INFO - 
================================================================================
DAG File Processing Stats

File Path                               PID  Runtime      # DAGs    # Errors  Last Runtime    Last Run
------------------------------------  -----  ---------  --------  ----------  --------------  -------------------
/opt/airflow/dags/youtube_etl_dag.py    213  0.00s             0           1  0.07s           2025-06-13T21:11:55
================================================================================
[2025-06-13T21:12:53.545+0000] {manager.py:737} INFO - Searching for files in /opt/airflow/dags
[2025-06-13T21:12:53.560+0000] {manager.py:740} INFO - There are 1 files in /opt/airflow/dags
[2025-06-13T21:12:55.591+0000] {manager.py:878} INFO - 
================================================================================
DAG File Processing Stats

File Path                               PID  Runtime      # DAGs    # Errors  Last Runtime    Last Run
------------------------------------  -----  ---------  --------  ----------  --------------  -------------------
/opt/airflow/dags/youtube_etl_dag.py    218  0.01s             0           1  0.05s           2025-06-13T21:12:25
================================================================================
[2025-06-13T21:13:02.638+0000] {manager.py:452} INFO - Exiting gracefully upon receiving signal 15
[2025-06-13T21:13:21.461+0000] {manager.py:470} INFO - Processing files using up to 2 processes at a time 
[2025-06-13T21:13:21.462+0000] {manager.py:471} INFO - Process each file at most once every 30 seconds
[2025-06-13T21:13:21.463+0000] {manager.py:472} INFO - Checking for new files in /opt/airflow/dags every 300 seconds
[2025-06-13T21:13:21.465+0000] {manager.py:737} INFO - Searching for files in /opt/airflow/dags
[2025-06-13T21:13:21.484+0000] {manager.py:740} INFO - There are 1 files in /opt/airflow/dags
[2025-06-13T21:13:21.597+0000] {manager.py:878} INFO - 
================================================================================
DAG File Processing Stats

File Path                               PID  Runtime      # DAGs    # Errors  Last Runtime    Last Run
------------------------------------  -----  ---------  --------  ----------  --------------  ----------
/opt/airflow/dags/youtube_etl_dag.py    168  0.05s             0           0
================================================================================
[2025-06-13T21:13:51.742+0000] {manager.py:878} INFO - 
================================================================================
DAG File Processing Stats

File Path                             PID    Runtime      # DAGs    # Errors  Last Runtime    Last Run
------------------------------------  -----  ---------  --------  ----------  --------------  -------------------
/opt/airflow/dags/youtube_etl_dag.py                           0           1  1.67s           2025-06-13T21:13:23
================================================================================
[2025-06-13T21:14:21.902+0000] {manager.py:878} INFO - 
================================================================================
DAG File Processing Stats

File Path                             PID    Runtime      # DAGs    # Errors  Last Runtime    Last Run
------------------------------------  -----  ---------  --------  ----------  --------------  -------------------
/opt/airflow/dags/youtube_etl_dag.py                           0           1  0.56s           2025-06-13T21:13:53
================================================================================
[2025-06-13T21:14:52.239+0000] {manager.py:878} INFO - 
================================================================================
DAG File Processing Stats

File Path                             PID    Runtime      # DAGs    # Errors  Last Runtime    Last Run
------------------------------------  -----  ---------  --------  ----------  --------------  -------------------
/opt/airflow/dags/youtube_etl_dag.py                           0           1  0.53s           2025-06-13T21:14:24
================================================================================
[2025-06-13T21:15:22.429+0000] {manager.py:878} INFO - 
================================================================================
DAG File Processing Stats

File Path                             PID    Runtime      # DAGs    # Errors  Last Runtime    Last Run
------------------------------------  -----  ---------  --------  ----------  --------------  -------------------
/opt/airflow/dags/youtube_etl_dag.py                           0           1  0.56s           2025-06-13T21:14:55
================================================================================
[2025-06-13T21:15:52.612+0000] {manager.py:878} INFO - 
================================================================================
DAG File Processing Stats

File Path                             PID    Runtime      # DAGs    # Errors  Last Runtime    Last Run
------------------------------------  -----  ---------  --------  ----------  --------------  -------------------
/opt/airflow/dags/youtube_etl_dag.py                           0           1  0.53s           2025-06-13T21:15:25
================================================================================
[2025-06-13T21:16:22.779+0000] {manager.py:878} INFO - 
================================================================================
DAG File Processing Stats

File Path                             PID    Runtime      # DAGs    # Errors  Last Runtime    Last Run
------------------------------------  -----  ---------  --------  ----------  --------------  -------------------
/opt/airflow/dags/youtube_etl_dag.py                           0           1  0.59s           2025-06-13T21:15:56
================================================================================
[2025-06-13T21:16:53.013+0000] {manager.py:878} INFO - 
================================================================================
DAG File Processing Stats

File Path                             PID    Runtime      # DAGs    # Errors  Last Runtime    Last Run
------------------------------------  -----  ---------  --------  ----------  --------------  -------------------
/opt/airflow/dags/youtube_etl_dag.py                           0           1  0.59s           2025-06-13T21:16:27
================================================================================
[2025-06-13T21:17:23.177+0000] {manager.py:878} INFO - 
================================================================================
DAG File Processing Stats

File Path                             PID    Runtime      # DAGs    # Errors  Last Runtime    Last Run
------------------------------------  -----  ---------  --------  ----------  --------------  -------------------
/opt/airflow/dags/youtube_etl_dag.py                           0           1  0.54s           2025-06-13T21:16:58
================================================================================
[2025-06-13T21:17:53.367+0000] {manager.py:878} INFO - 
================================================================================
DAG File Processing Stats

File Path                             PID    Runtime      # DAGs    # Errors  Last Runtime    Last Run
------------------------------------  -----  ---------  --------  ----------  --------------  -------------------
/opt/airflow/dags/youtube_etl_dag.py                           0           1  0.54s           2025-06-13T21:17:28
================================================================================
[2025-06-13T21:18:21.533+0000] {manager.py:737} INFO - Searching for files in /opt/airflow/dags
[2025-06-13T21:18:21.550+0000] {manager.py:740} INFO - There are 1 files in /opt/airflow/dags
[2025-06-13T21:18:23.573+0000] {manager.py:878} INFO - 
================================================================================
DAG File Processing Stats

File Path                             PID    Runtime      # DAGs    # Errors  Last Runtime    Last Run
------------------------------------  -----  ---------  --------  ----------  --------------  -------------------
/opt/airflow/dags/youtube_etl_dag.py                           0           1  0.56s           2025-06-13T21:17:59
================================================================================
[2025-06-13T21:18:53.788+0000] {manager.py:878} INFO - 
================================================================================
DAG File Processing Stats

File Path                             PID    Runtime      # DAGs    # Errors  Last Runtime    Last Run
------------------------------------  -----  ---------  --------  ----------  --------------  -------------------
/opt/airflow/dags/youtube_etl_dag.py                           0           1  0.55s           2025-06-13T21:18:30
================================================================================
[2025-06-13T21:19:24.071+0000] {manager.py:878} INFO - 
================================================================================
DAG File Processing Stats

File Path                             PID    Runtime      # DAGs    # Errors  Last Runtime    Last Run
------------------------------------  -----  ---------  --------  ----------  --------------  -------------------
/opt/airflow/dags/youtube_etl_dag.py                           1           0  0.59s           2025-06-13T21:19:21
================================================================================
[2025-06-13T21:19:34.089+0000] {manager.py:452} INFO - Exiting gracefully upon receiving signal 15
[2025-06-13T21:49:12.793+0000] {manager.py:470} INFO - Processing files using up to 2 processes at a time 
[2025-06-13T21:49:12.795+0000] {manager.py:471} INFO - Process each file at most once every 30 seconds
[2025-06-13T21:49:12.797+0000] {manager.py:472} INFO - Checking for new files in /opt/airflow/dags every 300 seconds
[2025-06-13T21:49:12.798+0000] {manager.py:737} INFO - Searching for files in /opt/airflow/dags
[2025-06-13T21:49:12.831+0000] {manager.py:740} INFO - There are 1 files in /opt/airflow/dags
[2025-06-13T21:49:12.971+0000] {manager.py:878} INFO - 
================================================================================
DAG File Processing Stats

File Path                               PID  Runtime      # DAGs    # Errors  Last Runtime    Last Run
------------------------------------  -----  ---------  --------  ----------  --------------  ----------
/opt/airflow/dags/youtube_etl_dag.py    168  0.06s             0           0
================================================================================
[2025-06-13T21:49:18.886+0000] {manager.py:452} INFO - Exiting gracefully upon receiving signal 15
[2025-06-13T21:49:45.433+0000] {manager.py:470} INFO - Processing files using up to 2 processes at a time 
[2025-06-13T21:49:45.435+0000] {manager.py:471} INFO - Process each file at most once every 30 seconds
[2025-06-13T21:49:45.436+0000] {manager.py:472} INFO - Checking for new files in /opt/airflow/dags every 300 seconds
[2025-06-13T21:49:45.437+0000] {manager.py:737} INFO - Searching for files in /opt/airflow/dags
[2025-06-13T21:49:45.464+0000] {manager.py:740} INFO - There are 1 files in /opt/airflow/dags
[2025-06-13T21:49:45.641+0000] {manager.py:878} INFO - 
================================================================================
DAG File Processing Stats

File Path                               PID  Runtime      # DAGs    # Errors  Last Runtime    Last Run
------------------------------------  -----  ---------  --------  ----------  --------------  ----------
/opt/airflow/dags/youtube_etl_dag.py    168  0.08s             0           0
================================================================================
[2025-06-13T21:50:15.878+0000] {manager.py:878} INFO - 
================================================================================
DAG File Processing Stats

File Path                             PID    Runtime      # DAGs    # Errors  Last Runtime    Last Run
------------------------------------  -----  ---------  --------  ----------  --------------  -------------------
/opt/airflow/dags/youtube_etl_dag.py                           1           0  2.73s           2025-06-13T21:49:48
================================================================================
[2025-06-13T21:50:46.152+0000] {manager.py:878} INFO - 
================================================================================
DAG File Processing Stats

File Path                             PID    Runtime      # DAGs    # Errors  Last Runtime    Last Run
------------------------------------  -----  ---------  --------  ----------  --------------  -------------------
/opt/airflow/dags/youtube_etl_dag.py                           1           0  1.84s           2025-06-13T21:50:20
================================================================================
[2025-06-13T21:51:16.894+0000] {manager.py:878} INFO - 
================================================================================
DAG File Processing Stats

File Path                             PID    Runtime      # DAGs    # Errors  Last Runtime    Last Run
------------------------------------  -----  ---------  --------  ----------  --------------  -------------------
/opt/airflow/dags/youtube_etl_dag.py                           1           0  1.05s           2025-06-13T21:50:51
================================================================================
[2025-06-13T21:51:47.245+0000] {manager.py:878} INFO - 
================================================================================
DAG File Processing Stats

File Path                             PID    Runtime      # DAGs    # Errors  Last Runtime    Last Run
------------------------------------  -----  ---------  --------  ----------  --------------  -------------------
/opt/airflow/dags/youtube_etl_dag.py                           1           0  1.28s           2025-06-13T21:51:23
================================================================================
[2025-06-13T21:52:17.680+0000] {manager.py:878} INFO - 
================================================================================
DAG File Processing Stats

File Path                             PID    Runtime      # DAGs    # Errors  Last Runtime    Last Run
------------------------------------  -----  ---------  --------  ----------  --------------  -------------------
/opt/airflow/dags/youtube_etl_dag.py                           1           0  1.46s           2025-06-13T21:51:54
================================================================================
[2025-06-13T21:52:47.969+0000] {manager.py:878} INFO - 
================================================================================
DAG File Processing Stats

File Path                             PID    Runtime      # DAGs    # Errors  Last Runtime    Last Run
------------------------------------  -----  ---------  --------  ----------  --------------  -------------------
/opt/airflow/dags/youtube_etl_dag.py                           1           0  0.91s           2025-06-13T21:52:25
================================================================================
[2025-06-13T21:53:18.160+0000] {manager.py:878} INFO - 
================================================================================
DAG File Processing Stats

File Path                             PID    Runtime      # DAGs    # Errors  Last Runtime    Last Run
------------------------------------  -----  ---------  --------  ----------  --------------  -------------------
/opt/airflow/dags/youtube_etl_dag.py                           1           0  0.91s           2025-06-13T21:52:56
================================================================================
[2025-06-13T21:53:48.419+0000] {manager.py:878} INFO - 
================================================================================
DAG File Processing Stats

File Path                             PID    Runtime      # DAGs    # Errors  Last Runtime    Last Run
------------------------------------  -----  ---------  --------  ----------  --------------  -------------------
/opt/airflow/dags/youtube_etl_dag.py                           1           0  0.98s           2025-06-13T21:53:28
================================================================================
[2025-06-13T21:54:18.623+0000] {manager.py:878} INFO - 
================================================================================
DAG File Processing Stats

File Path                             PID    Runtime      # DAGs    # Errors  Last Runtime    Last Run
------------------------------------  -----  ---------  --------  ----------  --------------  -------------------
/opt/airflow/dags/youtube_etl_dag.py                           1           0  1.92s           2025-06-13T21:54:00
================================================================================
[2025-06-13T21:54:45.900+0000] {manager.py:737} INFO - Searching for files in /opt/airflow/dags
[2025-06-13T21:54:45.999+0000] {manager.py:740} INFO - There are 1 files in /opt/airflow/dags
[2025-06-13T21:54:49.083+0000] {manager.py:878} INFO - 
================================================================================
DAG File Processing Stats

File Path                             PID    Runtime      # DAGs    # Errors  Last Runtime    Last Run
------------------------------------  -----  ---------  --------  ----------  --------------  -------------------
/opt/airflow/dags/youtube_etl_dag.py                           1           0  2.09s           2025-06-13T21:54:32
================================================================================
[2025-06-13T21:55:19.325+0000] {manager.py:878} INFO - 
================================================================================
DAG File Processing Stats

File Path                             PID    Runtime      # DAGs    # Errors  Last Runtime    Last Run
------------------------------------  -----  ---------  --------  ----------  --------------  -------------------
/opt/airflow/dags/youtube_etl_dag.py                           1           0  0.95s           2025-06-13T21:55:04
================================================================================
[2025-06-13T21:55:49.515+0000] {manager.py:878} INFO - 
================================================================================
DAG File Processing Stats

File Path                             PID    Runtime      # DAGs    # Errors  Last Runtime    Last Run
------------------------------------  -----  ---------  --------  ----------  --------------  -------------------
/opt/airflow/dags/youtube_etl_dag.py                           1           0  0.94s           2025-06-13T21:55:35
================================================================================
[2025-06-13T21:56:19.852+0000] {manager.py:878} INFO - 
================================================================================
DAG File Processing Stats

File Path                             PID    Runtime      # DAGs    # Errors  Last Runtime    Last Run
------------------------------------  -----  ---------  --------  ----------  --------------  -------------------
/opt/airflow/dags/youtube_etl_dag.py                           1           0  1.17s           2025-06-13T21:56:06
================================================================================
[2025-06-13T21:56:50.239+0000] {manager.py:878} INFO - 
================================================================================
DAG File Processing Stats

File Path                             PID    Runtime      # DAGs    # Errors  Last Runtime    Last Run
------------------------------------  -----  ---------  --------  ----------  --------------  -------------------
/opt/airflow/dags/youtube_etl_dag.py                           1           0  1.52s           2025-06-13T21:56:38
================================================================================
[2025-06-13T21:57:20.340+0000] {manager.py:878} INFO - 
================================================================================
DAG File Processing Stats

File Path                             PID    Runtime      # DAGs    # Errors  Last Runtime    Last Run
------------------------------------  -----  ---------  --------  ----------  --------------  -------------------
/opt/airflow/dags/youtube_etl_dag.py                           1           0  2.41s           2025-06-13T21:57:11
================================================================================
[2025-06-13T21:57:50.701+0000] {manager.py:878} INFO - 
================================================================================
DAG File Processing Stats

File Path                             PID    Runtime      # DAGs    # Errors  Last Runtime    Last Run
------------------------------------  -----  ---------  --------  ----------  --------------  -------------------
/opt/airflow/dags/youtube_etl_dag.py                           1           0  2.24s           2025-06-13T21:57:43
================================================================================
[2025-06-13T21:58:21.181+0000] {manager.py:878} INFO - 
================================================================================
DAG File Processing Stats

File Path                             PID    Runtime      # DAGs    # Errors  Last Runtime    Last Run
------------------------------------  -----  ---------  --------  ----------  --------------  -------------------
/opt/airflow/dags/youtube_etl_dag.py                           1           0  2.16s           2025-06-13T21:58:16
================================================================================
[2025-06-13T21:58:51.530+0000] {manager.py:878} INFO - 
================================================================================
DAG File Processing Stats

File Path                             PID    Runtime      # DAGs    # Errors  Last Runtime    Last Run
------------------------------------  -----  ---------  --------  ----------  --------------  -------------------
/opt/airflow/dags/youtube_etl_dag.py                           1           0  1.20s           2025-06-13T21:58:47
================================================================================
[2025-06-13T21:59:21.946+0000] {manager.py:878} INFO - 
================================================================================
DAG File Processing Stats

File Path                             PID    Runtime      # DAGs    # Errors  Last Runtime    Last Run
------------------------------------  -----  ---------  --------  ----------  --------------  -------------------
/opt/airflow/dags/youtube_etl_dag.py                           1           0  1.33s           2025-06-13T21:59:19
================================================================================
[2025-06-13T21:59:46.191+0000] {manager.py:737} INFO - Searching for files in /opt/airflow/dags
[2025-06-13T21:59:46.230+0000] {manager.py:740} INFO - There are 1 files in /opt/airflow/dags
[2025-06-13T21:59:52.286+0000] {manager.py:878} INFO - 
================================================================================
DAG File Processing Stats

File Path                             PID    Runtime      # DAGs    # Errors  Last Runtime    Last Run
------------------------------------  -----  ---------  --------  ----------  --------------  -------------------
/opt/airflow/dags/youtube_etl_dag.py                           1           0  0.95s           2025-06-13T21:59:50
================================================================================
[2025-06-13T22:00:22.507+0000] {manager.py:878} INFO - 
================================================================================
DAG File Processing Stats

File Path                             PID    Runtime      # DAGs    # Errors  Last Runtime    Last Run
------------------------------------  -----  ---------  --------  ----------  --------------  -------------------
/opt/airflow/dags/youtube_etl_dag.py                           1           0  0.92s           2025-06-13T22:00:21
================================================================================
[2025-06-13T22:00:52.837+0000] {manager.py:878} INFO - 
================================================================================
DAG File Processing Stats

File Path                               PID  Runtime      # DAGs    # Errors  Last Runtime    Last Run
------------------------------------  -----  ---------  --------  ----------  --------------  -------------------
/opt/airflow/dags/youtube_etl_dag.py    331  1.02s             1           0  0.92s           2025-06-13T22:00:21
================================================================================
[2025-06-13T22:01:07.160+0000] {manager.py:452} INFO - Exiting gracefully upon receiving signal 15
